<?xml version="1.0" encoding="UTF-8"?>
<!-- Generated by org.testng.reporters.JUnitReportReporter -->
<testsuite hostname="Sathana" failures="0" tests="1" name="qa.tests.Testcase1" time="9.290" errors="0" timestamp="2025-02-10T14:04:52 EST" skipped="0">
  <testcase classname="qa.tests.Testcase1" name="samplwMethodforEnteringCredentials" time="9.290"/>
  <system-out/>
</testsuite> <!-- qa.tests.Testcase1 -->
