<?xml version="1.0" encoding="UTF-8"?>
<!-- Generated by org.testng.reporters.JUnitReportReporter -->
<testsuite hostname="Sathana" failures="0" tests="2" name="qa.tests.Testcase2" time="6.181" errors="0" timestamp="2025-02-11T02:12:16 EST" skipped="0">
  <testcase classname="qa.tests.Testcase2" name="enterReviewDetails" time="3.764"/>
  <system-out/>
  <testcase classname="qa.tests.Testcase2" name="enterReviewDetailsWithEmptyComment" time="2.417"/>
  <system-out/>
</testsuite> <!-- qa.tests.Testcase2 -->
