<?xml version="1.0" encoding="UTF-8"?>
<!-- Generated by org.testng.reporters.JUnitReportReporter -->
<testsuite hostname="Sathana" failures="0" tests="1" name="qa.tests.Testcase2" time="8.926" errors="0" timestamp="2025-02-11T11:50:53 EST" skipped="0">
  <testcase classname="qa.tests.Testcase2" name="enterRevieDetails" time="8.926"/>
  <system-out/>
</testsuite> <!-- qa.tests.Testcase2 -->
