<?xml version="1.0" encoding="UTF-8"?>
<!-- Generated by org.testng.reporters.JUnitReportReporter -->
<testsuite hostname="Sathana" failures="0" tests="1" name="qa.tests.Testcase1" time="11.212" errors="0" timestamp="2024-11-19T13:32:52 EST" skipped="0">
  <testcase classname="qa.tests.Testcase1" name="samplwMethodforEnteringCredentials" time="11.212"/>
  <system-out/>
</testsuite> <!-- qa.tests.Testcase1 -->
